<?xml version="1.0" encoding="UTF-8"?>
<!-- Generated by org.testng.reporters.JUnitReportReporter -->
<testsuite skipped="0" hostname="LAPTOP-OFIJ2E99" name="com.crm.qa.tests.CRMTasksPageTest" tests="6" failures="0" timestamp="2019-08-17T01:15:49 EDT" time="68.874" errors="0">
  <testcase name="verifyNewtaskTextTest" time="9.823" classname="com.crm.qa.tests.CRMTasksPageTest"/>
  <testcase name="verifyshowtaskTextTest" time="9.952" classname="com.crm.qa.tests.CRMTasksPageTest"/>
  <testcase name="clickOntasksLinkTest" time="10.984" classname="com.crm.qa.tests.CRMTasksPageTest"/>
  <testcase name="createNewtasksTest" time="12.887" classname="com.crm.qa.tests.CRMTasksPageTest"/>
  <testcase name="createNewtasksTest" time="12.805" classname="com.crm.qa.tests.CRMTasksPageTest"/>
  <testcase name="createNewtasksTest" time="12.423" classname="com.crm.qa.tests.CRMTasksPageTest"/>
</testsuite> <!-- com.crm.qa.tests.CRMTasksPageTest -->
