<?xml version="1.0" encoding="UTF-8"?>
<!-- Generated by org.testng.reporters.JUnitReportReporter -->
<testsuite skipped="0" hostname="LAPTOP-OFIJ2E99" name="com.crm.qa.tests.CRMHomePageTest" tests="6" failures="0" timestamp="2019-08-17T01:15:49 EDT" time="59.987" errors="0">
  <testcase name="verifyhomePageTitleTest" time="8.613" classname="com.crm.qa.tests.CRMHomePageTest"/>
  <testcase name="verifycorrectUserNameTest" time="8.658" classname="com.crm.qa.tests.CRMHomePageTest"/>
  <testcase name="clickOnContactLinkTest" time="11.463" classname="com.crm.qa.tests.CRMHomePageTest"/>
  <testcase name="clickOnDealsLinkTest" time="9.675" classname="com.crm.qa.tests.CRMHomePageTest"/>
  <testcase name="clickOntasksLinkTest" time="11.118" classname="com.crm.qa.tests.CRMHomePageTest"/>
  <testcase name="clickOnCasesLinkTest" time="10.460" classname="com.crm.qa.tests.CRMHomePageTest"/>
</testsuite> <!-- com.crm.qa.tests.CRMHomePageTest -->
