<?xml version="1.0" encoding="UTF-8"?>
<!-- Generated by org.testng.reporters.JUnitReportReporter -->
<testsuite skipped="0" hostname="LAPTOP-OFIJ2E99" name="com.crm.qa.tests.CRMLoginPageTest" tests="4" failures="0" timestamp="2019-08-17T01:15:49 EDT" time="29.194" errors="0">
  <testcase name="verifycrmloginPageTitleTest" time="6.450" classname="com.crm.qa.tests.CRMLoginPageTest"/>
  <testcase name="verifycrmLogoTest" time="6.797" classname="com.crm.qa.tests.CRMLoginPageTest"/>
  <testcase name="clickonSignupBtn" time="7.026" classname="com.crm.qa.tests.CRMLoginPageTest"/>
  <testcase name="clickOnLoginBtn" time="8.921" classname="com.crm.qa.tests.CRMLoginPageTest"/>
</testsuite> <!-- com.crm.qa.tests.CRMLoginPageTest -->
